2022-04-26 17:08:58,913 - pyswarms.single.global_best - INFO - Optimize for 500 iters with {'c1': 0.5, 'c2': 0.3, 'w': 0.9}
2022-04-26 17:25:32,988 - pyswarms.single.global_best - INFO - Optimization finished | best cost: 132834638.29809201, best pos: [-2.51920579  0.27139542 -1.67684938 -0.03387336 -1.23448931  0.4226635 ]
2022-04-26 17:25:33,002 - pyswarms.single.global_best - INFO - Optimize for 500 iters with {'c1': 0.5, 'c2': 0.3, 'w': 0.9}
2022-04-26 17:41:34,025 - pyswarms.single.global_best - INFO - Optimization finished | best cost: 0.04855197750664395, best pos: [ 1.94981512 -0.00313201 -0.62437331  0.00267327  0.02834378  0.01655468]
2022-04-26 17:41:34,039 - pyswarms.single.global_best - INFO - Optimize for 500 iters with {'c1': 0.5, 'c2': 0.3, 'w': 0.9}
2022-04-26 17:51:31,186 - pyswarms.single.global_best - INFO - Optimize for 500 iters with {'c1': 0.5, 'c2': 0.3, 'w': 0.9}
2022-04-26 18:07:59,528 - pyswarms.single.global_best - INFO - Optimization finished | best cost: 0.0653506250851905, best pos: [ 0.94106192 -0.05975298 -0.63727302  0.00097404 -0.0192208   0.01523047]
2022-04-26 18:07:59,542 - pyswarms.single.global_best - INFO - Optimize for 500 iters with {'c1': 0.5, 'c2': 0.3, 'w': 0.9}
2022-04-26 18:24:32,848 - pyswarms.single.global_best - INFO - Optimization finished | best cost: 0.4504221069666033, best pos: [-2.29206910e+00 -3.70361628e-03  5.57314217e-01 -1.17618382e-03
  1.74615415e-02  2.78427592e-02]
2022-04-26 18:24:32,861 - pyswarms.single.global_best - INFO - Optimize for 500 iters with {'c1': 0.5, 'c2': 0.3, 'w': 0.9}
2022-04-26 18:40:43,805 - pyswarms.single.global_best - INFO - Optimization finished | best cost: 0.047551108967808495, best pos: [ 1.95311147 -0.00336002  0.62046968  0.00267225 -0.02846681  0.01658887]
2022-04-26 18:40:43,818 - pyswarms.single.global_best - INFO - Optimize for 500 iters with {'c1': 0.5, 'c2': 0.3, 'w': 0.9}
2022-04-26 18:57:05,786 - pyswarms.single.global_best - INFO - Optimization finished | best cost: 1.0681603353426012, best pos: [-2.18035875e+00  1.10432779e-02 -9.41619470e-02 -8.73008552e-04
  1.47345887e-02  4.15572352e-02]
2022-04-26 18:57:05,799 - pyswarms.single.global_best - INFO - Optimize for 500 iters with {'c1': 0.5, 'c2': 0.3, 'w': 0.9}
2022-04-26 19:13:40,471 - pyswarms.single.global_best - INFO - Optimization finished | best cost: 182940570.03447106, best pos: [ 7.32983576 -1.15029652  5.3926777  -0.05168427 -0.5551452   0.18627863]
2022-04-26 19:13:40,484 - pyswarms.single.global_best - INFO - Optimize for 500 iters with {'c1': 0.5, 'c2': 0.3, 'w': 0.9}
2022-04-26 19:30:30,741 - pyswarms.single.global_best - INFO - Optimization finished | best cost: 1028450164.4265342, best pos: [ 0.39294666 -0.07445162  1.76427699 -0.06180871 -1.98003342  0.83558867]
2022-04-26 19:30:30,755 - pyswarms.single.global_best - INFO - Optimize for 500 iters with {'c1': 0.5, 'c2': 0.3, 'w': 0.9}
2022-04-26 19:46:37,138 - pyswarms.single.global_best - INFO - Optimization finished | best cost: 2.3277665635902736, best pos: [ 1.55232815e+00  1.37701670e-02  9.49213683e-03 -4.62924276e-03
  1.49217847e-03  1.98052476e-02]
2022-04-26 19:46:37,151 - pyswarms.single.global_best - INFO - Optimize for 500 iters with {'c1': 0.5, 'c2': 0.3, 'w': 0.9}
2022-04-26 20:04:16,929 - pyswarms.single.global_best - INFO - Optimization finished | best cost: 102061893597.76323, best pos: [ 1.1378368   0.38226901  4.59235351 -0.18729307  6.11851029  2.78883795]
2022-04-26 20:04:16,942 - pyswarms.single.global_best - INFO - Optimize for 500 iters with {'c1': 0.5, 'c2': 0.3, 'w': 0.9}
2022-04-26 20:20:24,767 - pyswarms.single.global_best - INFO - Optimization finished | best cost: 1.5158322706801923, best pos: [-1.44434611e+00  2.38724673e-02 -7.17467842e-01 -5.89035807e-05
 -8.54976151e-03  4.00988761e-02]
2022-04-26 20:20:24,780 - pyswarms.single.global_best - INFO - Optimize for 500 iters with {'c1': 0.5, 'c2': 0.3, 'w': 0.9}
2022-04-26 20:36:23,385 - pyswarms.single.global_best - INFO - Optimization finished | best cost: 0.8850801685064549, best pos: [-0.74081082  0.06955234  0.1008408   0.00169331  0.02694655  0.00655501]
2022-04-27 04:20:20,088 - pyswarms.single.global_best - INFO - Optimize for 500 iters with {'c1': 0.5, 'c2': 0.3, 'w': 0.9}
2022-04-27 04:22:52,142 - pyswarms.single.global_best - INFO - Optimize for 500 iters with {'c1': 0.5, 'c2': 0.3, 'w': 0.9}
2022-04-27 04:40:22,486 - pyswarms.single.global_best - INFO - Optimization finished | best cost: 0.030093495005097393, best pos: [ 1.16854088e+00 -6.17724005e-02  2.18969246e-01  1.12200988e-03
  3.88975328e-02  4.23048260e-04]
2022-04-27 04:40:22,501 - pyswarms.single.global_best - INFO - Optimize for 500 iters with {'c1': 0.5, 'c2': 0.3, 'w': 0.9}
2022-04-27 04:57:44,121 - pyswarms.single.global_best - INFO - Optimization finished | best cost: 0.09712693324640112, best pos: [-1.63401657e+00 -4.03241499e-02 -8.53971044e-01 -1.22921546e-03
 -1.23076649e-02 -5.16371051e-03]
2022-04-27 04:57:44,135 - pyswarms.single.global_best - INFO - Optimize for 500 iters with {'c1': 0.5, 'c2': 0.3, 'w': 0.9}
2022-04-27 05:15:04,160 - pyswarms.single.global_best - INFO - Optimization finished | best cost: 0.2028681649454354, best pos: [-2.24990603e+00 -3.98518356e-02  3.91321689e-01  1.76593346e-03
  1.93802389e-02  1.21509785e-03]
2022-04-27 05:15:04,174 - pyswarms.single.global_best - INFO - Optimize for 500 iters with {'c1': 0.5, 'c2': 0.3, 'w': 0.9}
2022-04-27 05:32:52,216 - pyswarms.single.global_best - INFO - Optimization finished | best cost: 0.11978579323544077, best pos: [ 0.85642205 -0.05886959 -0.71536556  0.00092042 -0.01174178  0.01640312]
2022-04-27 05:32:52,230 - pyswarms.single.global_best - INFO - Optimize for 500 iters with {'c1': 0.5, 'c2': 0.3, 'w': 0.9}
2022-04-27 05:51:31,797 - pyswarms.single.global_best - INFO - Optimization finished | best cost: 15840970.618005957, best pos: [ 0.27135995 -0.56236801 -3.63839904 -0.02678353  0.38368531  0.19859544]
2022-04-27 05:51:31,811 - pyswarms.single.global_best - INFO - Optimize for 500 iters with {'c1': 0.5, 'c2': 0.3, 'w': 0.9}
2022-04-27 06:09:27,395 - pyswarms.single.global_best - INFO - Optimization finished | best cost: 0.0919476209399703, best pos: [ 2.15815859 -0.01073522 -0.179292    0.00271773  0.04299888  0.00559096]
2022-04-27 06:09:27,407 - pyswarms.single.global_best - INFO - Optimize for 500 iters with {'c1': 0.5, 'c2': 0.3, 'w': 0.9}
2022-04-27 06:27:08,905 - pyswarms.single.global_best - INFO - Optimization finished | best cost: 2.62026213760744, best pos: [-2.75417368e+00 -1.52711129e-02 -1.33547295e-01 -1.72428223e-03
 -2.15295364e-02 -6.22112497e-03]
2022-04-27 06:27:08,918 - pyswarms.single.global_best - INFO - Optimize for 500 iters with {'c1': 0.5, 'c2': 0.3, 'w': 0.9}
2022-04-27 06:44:35,260 - pyswarms.single.global_best - INFO - Optimization finished | best cost: 0.4044401902384493, best pos: [-1.89872387e+00  1.62830058e-02 -3.90895691e-01 -5.36955294e-04
 -1.52966306e-02  4.27232126e-02]
2022-04-27 06:44:35,274 - pyswarms.single.global_best - INFO - Optimize for 500 iters with {'c1': 0.5, 'c2': 0.3, 'w': 0.9}
2022-04-27 07:03:32,579 - pyswarms.single.global_best - INFO - Optimization finished | best cost: 36933583927.574905, best pos: [-5.275681   -0.2311766  -3.15073747 -0.1554944   4.72908362  2.11059351]
2022-04-27 07:03:32,592 - pyswarms.single.global_best - INFO - Optimize for 500 iters with {'c1': 0.5, 'c2': 0.3, 'w': 0.9}
2022-04-27 07:22:59,638 - pyswarms.single.global_best - INFO - Optimization finished | best cost: 136349299752.92885, best pos: [ 1.16124967 -0.14521859 -1.92908671 -0.20745147  6.5540338   2.99871508]
2022-04-27 07:22:59,651 - pyswarms.single.global_best - INFO - Optimize for 500 iters with {'c1': 0.5, 'c2': 0.3, 'w': 0.9}
2022-04-27 07:42:10,329 - pyswarms.single.global_best - INFO - Optimization finished | best cost: 58218433763.01016, best pos: [ 4.32823517  0.35648079  6.37986175 -0.15961467  5.2974111   2.46068015]
2022-04-27 07:42:10,341 - pyswarms.single.global_best - INFO - Optimize for 500 iters with {'c1': 0.5, 'c2': 0.3, 'w': 0.9}
2022-04-27 07:59:33,865 - pyswarms.single.global_best - INFO - Optimization finished | best cost: 0.06159085948187877, best pos: [ 1.25955676 -0.0294872  -0.97443174  0.00170687 -0.02112069 -0.01166434]
2022-04-27 07:59:33,879 - pyswarms.single.global_best - INFO - Optimize for 500 iters with {'c1': 0.5, 'c2': 0.3, 'w': 0.9}
2022-04-27 08:16:54,811 - pyswarms.single.global_best - INFO - Optimization finished | best cost: 0.07418131612543746, best pos: [ 1.37364693 -0.03208009 -0.87456097  0.00175642 -0.02392892 -0.01506454]
2022-04-27 08:16:54,824 - pyswarms.single.global_best - INFO - Optimize for 500 iters with {'c1': 0.5, 'c2': 0.3, 'w': 0.9}
2022-04-27 08:35:10,189 - pyswarms.single.global_best - INFO - Optimization finished | best cost: 314935900.16710925, best pos: [ 2.07765403 -0.30818699 -3.19477919 -0.04374278  1.31776366  0.66784625]
2022-04-27 08:35:10,203 - pyswarms.single.global_best - INFO - Optimize for 500 iters with {'c1': 0.5, 'c2': 0.3, 'w': 0.9}
2022-04-27 08:52:40,666 - pyswarms.single.global_best - INFO - Optimization finished | best cost: 0.057949846615906304, best pos: [ 0.68406801 -0.05061766  0.9030001   0.00091497 -0.01279301  0.01597673]
2022-04-27 13:33:36,438 - pyswarms.single.global_best - INFO - Optimize for 200 iters with {'c1': 0.5, 'c2': 0.3, 'w': 0.9}
2022-04-28 02:09:32,710 - pyswarms.single.global_best - INFO - Optimize for 500 iters with {'c1': 0.5, 'c2': 0.3, 'w': 0.9}
2022-05-03 13:08:04,032 - pyswarms.single.global_best - INFO - Optimize for 500 iters with {'c1': 0.5, 'c2': 0.3, 'w': 0.9}
2022-05-03 13:08:47,884 - pyswarms.single.global_best - INFO - Optimize for 500 iters with {'c1': 0.5, 'c2': 0.3, 'w': 0.9}
2022-05-03 13:08:55,669 - pyswarms.single.global_best - INFO - Optimize for 500 iters with {'c1': 0.5, 'c2': 0.3, 'w': 0.9}
2022-05-30 14:31:04,661 - pyswarms.single.global_best - INFO - Optimize for 500 iters with {'c1': 0.5, 'c2': 0.3, 'w': 0.9}
2022-05-30 14:31:37,751 - pyswarms.single.global_best - INFO - Optimize for 500 iters with {'c1': 0.5, 'c2': 0.3, 'w': 0.9}
2022-05-30 14:50:07,775 - pyswarms.single.global_best - INFO - Optimization finished | best cost: 5598993253.758401, best pos: [-1.3883146   0.21500459  3.87530895 -0.09124879  2.99727683  1.30525763]
2022-05-30 14:50:07,790 - pyswarms.single.global_best - INFO - Optimize for 500 iters with {'c1': 0.5, 'c2': 0.3, 'w': 0.9}
2022-05-30 15:09:03,059 - pyswarms.single.global_best - INFO - Optimization finished | best cost: 34324253574.01426, best pos: [-0.46560532  0.0497686   1.17231443 -0.14248148  4.59351426  2.11180349]
2022-05-30 15:09:03,073 - pyswarms.single.global_best - INFO - Optimize for 500 iters with {'c1': 0.5, 'c2': 0.3, 'w': 0.9}
2022-05-30 15:26:39,372 - pyswarms.single.global_best - INFO - Optimization finished | best cost: 0.18428180578398115, best pos: [-2.04523632e+00 -7.60177864e-03 -8.15953974e-01 -1.03485507e-03
 -1.67952235e-02  2.16961756e-02]
2022-05-30 15:26:39,386 - pyswarms.single.global_best - INFO - Optimize for 500 iters with {'c1': 0.5, 'c2': 0.3, 'w': 0.9}
2022-05-30 15:44:20,283 - pyswarms.single.global_best - INFO - Optimization finished | best cost: 0.027253131091723365, best pos: [ 1.56071752e+00 -4.69191170e-03 -9.72187956e-01  2.33961548e-03
  1.08307373e-03  1.60742597e-02]
2022-05-30 15:44:20,296 - pyswarms.single.global_best - INFO - Optimize for 500 iters with {'c1': 0.5, 'c2': 0.3, 'w': 0.9}
2022-05-30 16:02:57,899 - pyswarms.single.global_best - INFO - Optimization finished | best cost: 9250747096.510612, best pos: [ 2.25762633  0.15248082  1.41472059 -0.10195998  3.41755464  1.48152155]
2022-05-30 16:02:57,913 - pyswarms.single.global_best - INFO - Optimize for 500 iters with {'c1': 0.5, 'c2': 0.3, 'w': 0.9}
2022-05-30 16:20:26,979 - pyswarms.single.global_best - INFO - Optimization finished | best cost: 0.1955510482815796, best pos: [ 1.60332181 -0.03512733  0.62896273  0.0018894   0.02891215 -0.02055973]
2022-05-30 16:20:26,993 - pyswarms.single.global_best - INFO - Optimize for 500 iters with {'c1': 0.5, 'c2': 0.3, 'w': 0.9}
2022-05-30 16:38:09,672 - pyswarms.single.global_best - INFO - Optimization finished | best cost: 0.10041597133617254, best pos: [ 1.14613757 -0.01370326  1.13961942  0.00186732  0.01123716  0.00376144]
2022-05-30 16:38:10,142 - pyswarms.single.global_best - INFO - Optimize for 500 iters with {'c1': 0.5, 'c2': 0.3, 'w': 0.9}
2022-05-30 16:55:40,762 - pyswarms.single.global_best - INFO - Optimization finished | best cost: 0.04160878520978541, best pos: [ 0.66711021 -0.04892593  0.92554626  0.00092833 -0.01577495  0.01509719]
2022-05-30 16:55:40,775 - pyswarms.single.global_best - INFO - Optimize for 500 iters with {'c1': 0.5, 'c2': 0.3, 'w': 0.9}
2022-05-30 17:13:17,934 - pyswarms.single.global_best - INFO - Optimization finished | best cost: 1.3111589164205288, best pos: [-2.39389283e+00 -1.24551824e-02 -5.45295112e-01 -1.40226997e-03
 -2.04851438e-02 -1.98696328e-02]
2022-05-30 17:13:17,948 - pyswarms.single.global_best - INFO - Optimize for 500 iters with {'c1': 0.5, 'c2': 0.3, 'w': 0.9}
2022-05-30 17:30:48,559 - pyswarms.single.global_best - INFO - Optimization finished | best cost: 0.028494065531712697, best pos: [ 1.54732341e+00 -5.06711637e-03  9.82129034e-01  2.32307722e-03
 -1.68214899e-04  1.55048772e-02]
2022-05-30 17:30:48,573 - pyswarms.single.global_best - INFO - Optimize for 500 iters with {'c1': 0.5, 'c2': 0.3, 'w': 0.9}
2022-05-30 17:48:44,227 - pyswarms.single.global_best - INFO - Optimization finished | best cost: 1958186.709410376, best pos: [ 2.33552316 -0.39067683 -2.67262692 -0.01637845  0.13434599  0.06728185]
2022-05-30 17:48:44,241 - pyswarms.single.global_best - INFO - Optimize for 500 iters with {'c1': 0.5, 'c2': 0.3, 'w': 0.9}
2022-05-30 18:06:56,565 - pyswarms.single.global_best - INFO - Optimization finished | best cost: 185577151.7529729, best pos: [ 2.20178148  0.07000407  2.5010578  -0.03655457  1.22886861  0.64412309]
2022-05-30 18:06:56,579 - pyswarms.single.global_best - INFO - Optimize for 500 iters with {'c1': 0.5, 'c2': 0.3, 'w': 0.9}
2022-05-30 18:24:29,242 - pyswarms.single.global_best - INFO - Optimization finished | best cost: 0.7750936891483006, best pos: [-1.01544671e-01  6.93060659e-02 -4.55053266e-01  2.19368228e-03
 -8.14956887e-03  3.96267179e-04]
2022-05-30 18:24:29,257 - pyswarms.single.global_best - INFO - Optimize for 500 iters with {'c1': 0.5, 'c2': 0.3, 'w': 0.9}
2022-05-30 18:41:59,104 - pyswarms.single.global_best - INFO - Optimization finished | best cost: 0.2851743350785038, best pos: [-1.97349984e+00 -1.20512165e-02  8.89035170e-01 -1.04826832e-03
  1.74741303e-02  1.58377858e-02]
2022-05-30 18:41:59,118 - pyswarms.single.global_best - INFO - Optimize for 500 iters with {'c1': 0.5, 'c2': 0.3, 'w': 0.9}
2022-05-30 19:00:51,407 - pyswarms.single.global_best - INFO - Optimization finished | best cost: 12736257423.967653, best pos: [-2.30619898 -0.184721    1.88513059 -0.11986457 -3.58722426  1.66550237]
2022-05-30 19:00:51,421 - pyswarms.single.global_best - INFO - Optimize for 500 iters with {'c1': 0.5, 'c2': 0.3, 'w': 0.9}
2022-05-30 19:18:30,855 - pyswarms.single.global_best - INFO - Optimization finished | best cost: 0.6576258140816579, best pos: [-1.75652320e+00 -1.68406279e-02 -9.90141955e-01 -9.48474192e-04
 -1.79621449e-02  1.01833783e-02]
2022-05-30 19:18:30,869 - pyswarms.single.global_best - INFO - Optimize for 500 iters with {'c1': 0.5, 'c2': 0.3, 'w': 0.9}
2022-05-30 19:36:15,838 - pyswarms.single.global_best - INFO - Optimization finished | best cost: 0.29168045956500294, best pos: [-2.18740019e+00  1.88992132e-03 -1.69907434e-01 -1.00459715e-03
 -3.72988963e-02 -3.22606747e-02]
2022-05-30 19:36:15,851 - pyswarms.single.global_best - INFO - Optimize for 500 iters with {'c1': 0.5, 'c2': 0.3, 'w': 0.9}
2022-05-30 19:53:41,135 - pyswarms.single.global_best - INFO - Optimization finished | best cost: 0.0815694108325862, best pos: [ 2.18757113 -0.01162978  0.10607895  0.00272711 -0.04297307  0.00254097]
2022-05-30 19:53:41,147 - pyswarms.single.global_best - INFO - Optimize for 500 iters with {'c1': 0.5, 'c2': 0.3, 'w': 0.9}
2022-05-30 20:11:07,117 - pyswarms.single.global_best - INFO - Optimization finished | best cost: 0.3501340522750207, best pos: [-1.95182427e+00 -1.04842446e-02  8.89696728e-01 -1.00574524e-03
  1.70248792e-02  1.80278636e-02]
2022-05-30 20:11:07,128 - pyswarms.single.global_best - INFO - Optimize for 500 iters with {'c1': 0.5, 'c2': 0.3, 'w': 0.9}
2022-05-30 20:29:45,881 - pyswarms.single.global_best - INFO - Optimization finished | best cost: 8174120745.0503025, best pos: [ 1.17210385  0.05603152 -1.61987385 -0.10080201 -3.20954108  1.53375766]
2022-05-30 20:29:45,894 - pyswarms.single.global_best - INFO - Optimize for 500 iters with {'c1': 0.5, 'c2': 0.3, 'w': 0.9}
2022-05-30 20:47:33,210 - pyswarms.single.global_best - INFO - Optimization finished | best cost: 0.31536200315306046, best pos: [ 6.96810670e-01 -2.13829255e-02 -1.08320561e+00  1.38805626e-03
  3.61724119e-02  2.54246321e-04]
2022-05-30 20:47:33,223 - pyswarms.single.global_best - INFO - Optimize for 500 iters with {'c1': 0.5, 'c2': 0.3, 'w': 0.9}
2022-05-30 21:05:01,567 - pyswarms.single.global_best - INFO - Optimization finished | best cost: 0.052684660973571565, best pos: [ 1.89452182 -0.00260895  0.69699325  0.00263766 -0.02346956  0.01777337]
2022-05-30 21:05:01,580 - pyswarms.single.global_best - INFO - Optimize for 500 iters with {'c1': 0.5, 'c2': 0.3, 'w': 0.9}
2022-05-30 21:23:27,686 - pyswarms.single.global_best - INFO - Optimization finished | best cost: 14562586.328610001, best pos: [ 3.92515693 -0.55364341 -1.1014902  -0.02580818  0.36677578  0.22552509]
2022-05-30 21:23:27,698 - pyswarms.single.global_best - INFO - Optimize for 500 iters with {'c1': 0.5, 'c2': 0.3, 'w': 0.9}
2022-05-30 21:40:50,287 - pyswarms.single.global_best - INFO - Optimization finished | best cost: 0.3326159513363122, best pos: [-2.10957426e+00 -1.77690257e-02 -8.39754624e-01 -1.25409035e-03
 -1.87123810e-02  4.57785249e-03]
2022-05-30 21:40:50,299 - pyswarms.single.global_best - INFO - Optimize for 500 iters with {'c1': 0.5, 'c2': 0.3, 'w': 0.9}
2022-05-30 21:58:43,937 - pyswarms.single.global_best - INFO - Optimization finished | best cost: 4236272.360241928, best pos: [ 1.3159581  -0.22875321  2.98758924 -0.0173634  -0.45780022  0.15271479]
2022-05-30 21:58:43,951 - pyswarms.single.global_best - INFO - Optimize for 500 iters with {'c1': 0.5, 'c2': 0.3, 'w': 0.9}
2022-05-30 22:16:27,233 - pyswarms.single.global_best - INFO - Optimization finished | best cost: 1.794462044019392, best pos: [-7.58287312e-01 -4.50816523e-02  9.25854985e-01 -5.89213806e-04
  2.69463588e-02 -1.41056796e-02]
2022-05-30 22:16:27,248 - pyswarms.single.global_best - INFO - Optimize for 500 iters with {'c1': 0.5, 'c2': 0.3, 'w': 0.9}
2022-05-30 22:33:57,287 - pyswarms.single.global_best - INFO - Optimization finished | best cost: 0.8040227463100551, best pos: [-0.06592034  0.06875008  0.48313773  0.00221362  0.00539207 -0.00101061]
2022-05-30 22:33:57,301 - pyswarms.single.global_best - INFO - Optimize for 500 iters with {'c1': 0.5, 'c2': 0.3, 'w': 0.9}
2022-05-30 22:51:28,416 - pyswarms.single.global_best - INFO - Optimization finished | best cost: 0.018742471595688783, best pos: [ 0.65105149 -0.03139018  1.06441596  0.00119398 -0.03146087  0.00465389]
2022-05-30 22:51:28,428 - pyswarms.single.global_best - INFO - Optimize for 500 iters with {'c1': 0.5, 'c2': 0.3, 'w': 0.9}
2022-05-30 23:09:00,292 - pyswarms.single.global_best - INFO - Optimization finished | best cost: 0.9041953564633375, best pos: [ 0.02230948  0.06770548  0.51615502  0.00226649  0.00169934 -0.00255639]
2022-05-30 23:09:00,304 - pyswarms.single.global_best - INFO - Optimize for 500 iters with {'c1': 0.5, 'c2': 0.3, 'w': 0.9}
2022-05-30 23:26:56,125 - pyswarms.single.global_best - INFO - Optimization finished | best cost: 2110363.4479831397, best pos: [ 5.06863179 -0.22621396 -1.26750171 -0.01183143  0.31867955  0.21086223]
2022-05-30 23:26:56,139 - pyswarms.single.global_best - INFO - Optimize for 500 iters with {'c1': 0.5, 'c2': 0.3, 'w': 0.9}
2022-05-30 23:46:03,369 - pyswarms.single.global_best - INFO - Optimization finished | best cost: 50227439422.41346, best pos: [ 5.21707228  0.20542567  3.89190755 -0.15232777  5.09930192  2.41002293]
2022-05-30 23:46:03,384 - pyswarms.single.global_best - INFO - Optimize for 500 iters with {'c1': 0.5, 'c2': 0.3, 'w': 0.9}
2022-05-31 00:04:19,122 - pyswarms.single.global_best - INFO - Optimization finished | best cost: 23489695.605753325, best pos: [ 1.54681458 -0.13555385  0.46208795 -0.02407608 -0.66730424  0.43657889]
2022-05-31 00:04:19,136 - pyswarms.single.global_best - INFO - Optimize for 500 iters with {'c1': 0.5, 'c2': 0.3, 'w': 0.9}
2022-05-31 00:21:51,153 - pyswarms.single.global_best - INFO - Optimization finished | best cost: 0.28716701733118605, best pos: [ 2.08749234 -0.00954903  0.32755654  0.00268031 -0.04086808  0.01137846]
2022-05-31 00:21:51,166 - pyswarms.single.global_best - INFO - Optimize for 500 iters with {'c1': 0.5, 'c2': 0.3, 'w': 0.9}
2022-05-31 00:39:43,278 - pyswarms.single.global_best - INFO - Optimization finished | best cost: 865644.9155483232, best pos: [ 1.33801406 -0.25785472 -3.3487029  -0.01267907  0.1991      0.02727484]
2022-05-31 00:39:43,291 - pyswarms.single.global_best - INFO - Optimize for 500 iters with {'c1': 0.5, 'c2': 0.3, 'w': 0.9}
2022-05-31 00:57:11,642 - pyswarms.single.global_best - INFO - Optimization finished | best cost: 0.06348988944260775, best pos: [ 1.71076432 -0.0040823  -0.87807007  0.00246885  0.00804711  0.01813338]
2022-05-31 00:57:11,656 - pyswarms.single.global_best - INFO - Optimize for 500 iters with {'c1': 0.5, 'c2': 0.3, 'w': 0.9}
2022-05-31 01:14:49,541 - pyswarms.single.global_best - INFO - Optimization finished | best cost: 0.03357132231816921, best pos: [ 1.92033468 -0.00298323 -0.66779337  0.0026522   0.02532985  0.01736887]
2022-05-31 01:14:49,555 - pyswarms.single.global_best - INFO - Optimize for 500 iters with {'c1': 0.5, 'c2': 0.3, 'w': 0.9}
2022-05-31 01:32:49,330 - pyswarms.single.global_best - INFO - Optimization finished | best cost: 438786.18666061654, best pos: [-1.38118981 -0.20767674 -3.48389576 -0.00960229  0.15238905 -0.0288622 ]
2022-05-31 01:32:49,344 - pyswarms.single.global_best - INFO - Optimize for 500 iters with {'c1': 0.5, 'c2': 0.3, 'w': 0.9}
2022-05-31 01:50:20,148 - pyswarms.single.global_best - INFO - Optimization finished | best cost: 0.6598332018697504, best pos: [-2.37421346e+00 -5.50694543e-03  5.14158019e-01 -1.27354103e-03
  1.80874168e-02  2.58834849e-02]
2022-05-31 01:50:20,156 - pyswarms.single.global_best - INFO - Optimize for 500 iters with {'c1': 0.5, 'c2': 0.3, 'w': 0.9}
2022-05-31 02:08:40,488 - pyswarms.single.global_best - INFO - Optimization finished | best cost: 638647729.3439596, best pos: [ 6.55607713 -0.67354693 -4.21325268 -0.06643347  1.41570188  0.81552182]
2022-05-31 02:08:40,501 - pyswarms.single.global_best - INFO - Optimize for 500 iters with {'c1': 0.5, 'c2': 0.3, 'w': 0.9}
2022-05-31 02:26:15,962 - pyswarms.single.global_best - INFO - Optimization finished | best cost: 2.3421161982056122, best pos: [-0.02607522  0.01080142 -1.05637576  0.00132249  0.04678902  0.00863331]
2022-05-31 02:26:15,976 - pyswarms.single.global_best - INFO - Optimize for 500 iters with {'c1': 0.5, 'c2': 0.3, 'w': 0.9}
2022-05-31 02:43:53,796 - pyswarms.single.global_best - INFO - Optimization finished | best cost: 0.03885030037027899, best pos: [ 1.8067595  -0.00300361  0.78954142  0.00256173 -0.01598865  0.01890597]
2022-05-31 02:43:53,810 - pyswarms.single.global_best - INFO - Optimize for 500 iters with {'c1': 0.5, 'c2': 0.3, 'w': 0.9}
2022-05-31 03:01:26,504 - pyswarms.single.global_best - INFO - Optimization finished | best cost: 0.8330109372165327, best pos: [-1.24743015e+00 -4.34271975e-02  9.11807770e-01 -9.55753386e-04
  1.86367482e-02 -7.93831396e-03]
2022-05-31 03:01:26,517 - pyswarms.single.global_best - INFO - Optimize for 500 iters with {'c1': 0.5, 'c2': 0.3, 'w': 0.9}
2022-05-31 03:18:54,473 - pyswarms.single.global_best - INFO - Optimization finished | best cost: 0.5640985216349504, best pos: [-1.71496487e+00 -2.33980899e-02 -9.83005551e-01 -1.01841858e-03
 -1.86342693e-02  1.18974910e-03]
2022-05-31 03:18:54,485 - pyswarms.single.global_best - INFO - Optimize for 500 iters with {'c1': 0.5, 'c2': 0.3, 'w': 0.9}
2022-05-31 03:38:13,501 - pyswarms.single.global_best - INFO - Optimization finished | best cost: 67992559638.941605, best pos: [ 7.14283308 -0.3378794   0.24848673 -0.17227947 -5.42126178  2.62727495]
2022-05-31 03:38:13,513 - pyswarms.single.global_best - INFO - Optimize for 500 iters with {'c1': 0.5, 'c2': 0.3, 'w': 0.9}
2022-05-31 03:56:08,040 - pyswarms.single.global_best - INFO - Optimization finished | best cost: 1482676.6022984767, best pos: [ 1.18557658  0.28287173 -3.34289819 -0.00573208 -0.30477738  0.09271232]
2022-05-31 03:56:08,054 - pyswarms.single.global_best - INFO - Optimize for 500 iters with {'c1': 0.5, 'c2': 0.3, 'w': 0.9}
2022-05-31 04:13:40,584 - pyswarms.single.global_best - INFO - Optimization finished | best cost: 0.4150275562870325, best pos: [-2.26918946e+00 -2.81952297e-03 -5.61739373e-01 -1.14371994e-03
 -1.72102770e-02  2.87702431e-02]
2022-05-31 04:13:40,598 - pyswarms.single.global_best - INFO - Optimize for 500 iters with {'c1': 0.5, 'c2': 0.3, 'w': 0.9}
2022-05-31 04:31:12,772 - pyswarms.single.global_best - INFO - Optimization finished | best cost: 0.6577035404070162, best pos: [-4.48704949e-01  7.08217644e-02 -3.21902010e-01  1.94205858e-03
 -1.77485733e-02  9.31777691e-05]
2022-05-31 04:31:12,786 - pyswarms.single.global_best - INFO - Optimize for 500 iters with {'c1': 0.5, 'c2': 0.3, 'w': 0.9}
2022-05-31 04:48:47,722 - pyswarms.single.global_best - INFO - Optimization finished | best cost: 0.3181911933440485, best pos: [ 0.53880495 -0.02867542  1.09290671  0.00114678 -0.03190223  0.0065564 ]
2022-05-31 04:48:47,734 - pyswarms.single.global_best - INFO - Optimize for 500 iters with {'c1': 0.5, 'c2': 0.3, 'w': 0.9}
2022-05-31 05:06:30,613 - pyswarms.single.global_best - INFO - Optimization finished | best cost: 0.05661034627448099, best pos: [ 1.14920494 -0.01525497 -1.13541722  0.0018453  -0.01193487  0.00222075]
2022-05-31 05:06:30,626 - pyswarms.single.global_best - INFO - Optimize for 500 iters with {'c1': 0.5, 'c2': 0.3, 'w': 0.9}
2022-05-31 05:24:47,341 - pyswarms.single.global_best - INFO - Optimization finished | best cost: 197981.22173741332, best pos: [-2.24423811 -0.21424495 -1.71762446 -0.00879023  0.12789707  0.0204554 ]
2022-05-31 05:24:47,354 - pyswarms.single.global_best - INFO - Optimize for 500 iters with {'c1': 0.5, 'c2': 0.3, 'w': 0.9}
2022-05-31 05:42:21,960 - pyswarms.single.global_best - INFO - Optimization finished | best cost: 0.07284985567729331, best pos: [ 1.10533530e+00 -1.87509730e-02  1.13143973e+00  1.75516080e-03
  1.39569494e-02 -9.49249576e-04]
2022-05-31 05:42:21,973 - pyswarms.single.global_best - INFO - Optimize for 500 iters with {'c1': 0.5, 'c2': 0.3, 'w': 0.9}
2022-05-31 05:59:57,996 - pyswarms.single.global_best - INFO - Optimization finished | best cost: 0.21337201617011461, best pos: [-2.01452373e+00 -1.18821800e-02 -8.69228835e-01 -1.07889806e-03
 -1.73938568e-02  1.59621927e-02]
2022-05-31 05:59:58,010 - pyswarms.single.global_best - INFO - Optimize for 500 iters with {'c1': 0.5, 'c2': 0.3, 'w': 0.9}
2022-05-31 06:17:27,504 - pyswarms.single.global_best - INFO - Optimization finished | best cost: 0.2484700288045357, best pos: [-2.02978798e+00 -6.14572951e-03 -8.08745850e-01 -9.99901707e-04
 -1.63942407e-02  2.34682442e-02]
2022-05-31 06:17:27,918 - pyswarms.single.global_best - INFO - Optimize for 500 iters with {'c1': 0.5, 'c2': 0.3, 'w': 0.9}
2022-05-31 06:35:51,465 - pyswarms.single.global_best - INFO - Optimization finished | best cost: 1649985520.8348296, best pos: [ 0.07917863 -0.11765771  0.12547198 -0.06706419 -2.18884933  0.97086889]
2022-05-31 06:35:51,478 - pyswarms.single.global_best - INFO - Optimize for 500 iters with {'c1': 0.5, 'c2': 0.3, 'w': 0.9}
2023-01-19 13:11:29,048 - pyswarms.single.global_best - INFO - Optimize for 500 iters with {'c1': 0.5, 'c2': 0.3, 'w': 0.9}
2023-01-20 00:38:52,171 - pyswarms.single.global_best - INFO - Optimize for 500 iters with {'c1': 0.5, 'c2': 0.3, 'w': 0.9}
2023-01-25 10:22:41,217 - pyswarms.single.global_best - INFO - Optimize for 500 iters with {'c1': 0.5, 'c2': 0.3, 'w': 0.9}
